<?xml version="1.0"?>
<!DOCTYPE envelope [
  <!ENTITY dsig "http://www.w3.org/2000/09/xmldsig#">
  <!ENTITY c14n "http://www.w3.org/TR/2001/REC-xml-c14n-20010315">
  <!ENTITY xpath "http://www.w3.org/TR/1999/REC-xpath-19991116">
  <!ENTITY xslt "http://www.w3.org/TR/1999/REC-xslt-19991116">
  <!ATTLIST Notaries Id ID #IMPLIED>
]>
    <Signature xmlns="http://www.w3.org/2000/09/xmldsig#" Id="signature">
      <Object Id="object-4">
        <X509Data>
          <X509SubjectName>
            CN=Merlin Hughes,O=Baltimore Technologies\, Ltd.,ST=Dublin,C=IE
          </X509SubjectName>
          <X509IssuerSerial>
            <X509IssuerName>
              CN=Test DSA CA,O=Baltimore Technologies\, Ltd.,ST=Dublin,C=IE
            </X509IssuerName>
            <X509SerialNumber>970849936</X509SerialNumber>
          </X509IssuerSerial>
          <X509Certificate>
            MIIDNzCCAvWgAwIBAgIEOd3+kDAJBgcqhkjOOAQDMFsxCzAJBgNVBAYTAklFMQ8w
            DQYDVQQIEwZEdWJsaW4xJTAjBgNVBAoTHEJhbHRpbW9yZSBUZWNobm9sb2dpZXMs
            IEx0ZC4xFDASBgNVBAMTC1Rlc3QgRFNBIENBMB4XDTAwMTAwNjE2MzIxNVoXDTAx
            MTAwNjE2MzIxNFowXTELMAkGA1UEBhMCSUUxDzANBgNVBAgTBkR1YmxpbjElMCMG
            A1UEChMcQmFsdGltb3JlIFRlY2hub2xvZ2llcywgTHRkLjEWMBQGA1UEAxMNTWVy
            bGluIEh1Z2hlczCCAbYwggErBgcqhkjOOAQBMIIBHgKBgQDaJjfDTrawMHf8MiUt
            Y54b37hSmYNnR3KpGT10uU1Dqppcju06uN0iGbqf947DjkBC25hKnqykK31xBw0E
            CPbYq/KC98kghdf2xJCu6B8aqJ95K9jdVflJ3WP7PQxJn+fmM23zy6HYLXVICpfq
            etdNj/VHCShZE3bdJiE6VobSFQIVAPQecqS2PaTDprcQnkwx4MHTRXhrAoGAMuGA
            lqeB1ax+vyO2+Osubjhl7pHxLu47RIH+/M52DjESA9KMSrwzsYx8yNR2WooByrE0
            t6fu0VncK7UK8olO4t7wpv2z4AFQPRVCKFwo0qgn5aKIkICGMlrRy81avb27wGcW
            othx3iPPMtFXtoDqK0JItaI9R8zc1msFhM1GKMYDgYQAAoGActA8YGxrtngg/zKV
            vqEOefnwmViFztcnPBYPlJsvh6yKI4iDm68fnp4Mi3RrJ6bZAygFrUIQLxLjV+OJ
            tgJAEto0xAs+Mehuq1DkSFEpP3oDzCTOsrOiS1DwQe4oIb7zVk/9l7aPtJMHW0LV
            lMdwZNFNNJoqMcT2ZfCPrfvYvQ2jRzBFMB4GA1UdEQQXMBWBE21lcmxpbkBiYWx0
            aW1vcmUuaWUwDgYDVR0PAQH/BAQDAgeAMBMGA1UdIwQMMAqACEJZQG0KwRbPMAkG
            ByqGSM44BAMDMQAwLgIVAK4skWEFYgrggaJA8vYAwSjg12+KAhUAwHTo7wd4tENw
            9LAKPklQ/74fH18=
          </X509Certificate>
        </X509Data>
      </Object>
    </Signature>